<?xml version="1.0" encoding="UTF-8"?>
<testng-results skipped="0" failed="0" total="2" passed="2">
  <reporter-output>
  </reporter-output>
  <suite name="b.Testlsce" duration-ms="25449" started-at="2013-11-28T17:02:46Z" finished-at="2013-11-28T17:03:11Z">
    <groups>
    </groups>
    <test name="Command line test" duration-ms="25449" started-at="2013-11-28T17:02:46Z" finished-at="2013-11-28T17:03:11Z">
      <class name="b.Testlsce">
        <test-method status="PASS" signature="testAddNewProduct()[pri:0, instance:b.Testlsce@606876f6]" name="testAddNewProduct" duration-ms="15912" started-at="2013-11-28T17:02:46Z" finished-at="2013-11-28T17:03:02Z">
          <reporter-output>
          </reporter-output>
        </test-method> <!-- testAddNewProduct -->
        <test-method status="PASS" signature="testdoasearch()[pri:0, instance:b.Testlsce@606876f6]" name="testdoasearch" duration-ms="9512" started-at="2013-11-28T17:03:02Z" finished-at="2013-11-28T17:03:11Z">
          <reporter-output>
          </reporter-output>
        </test-method> <!-- testdoasearch -->
      </class> <!-- b.Testlsce -->
    </test> <!-- Command line test -->
  </suite> <!-- b.Testlsce -->
</testng-results>
