<?xml version="1.0" encoding="UTF-8"?>
<testng-results skipped="0" failed="0" total="2" passed="2">
  <reporter-output>
  </reporter-output>
  <suite name="Default suite" duration-ms="16388" started-at="2013-11-29T14:43:14Z" finished-at="2013-11-29T14:43:30Z">
    <groups>
    </groups>
    <test name="Default test" duration-ms="16388" started-at="2013-11-29T14:43:14Z" finished-at="2013-11-29T14:43:30Z">
      <class name="tests.GoogleSearchCR">
        <test-method status="PASS" signature="setup()[pri:0, instance:tests.GoogleSearchCR@4f262c96]" name="setup" is-config="true" duration-ms="3076" started-at="2013-11-29T14:43:14Z" finished-at="2013-11-29T14:43:17Z">
          <reporter-output>
          </reporter-output>
        </test-method> <!-- setup -->
        <test-method status="PASS" signature="testDoAnotherGoogleSearch()[pri:0, instance:tests.GoogleSearchCR@4f262c96]" name="testDoAnotherGoogleSearch" duration-ms="5431" started-at="2013-11-29T14:43:17Z" finished-at="2013-11-29T14:43:22Z">
          <reporter-output>
          </reporter-output>
        </test-method> <!-- testDoAnotherGoogleSearch -->
        <test-method status="PASS" signature="setup()[pri:0, instance:tests.GoogleSearchCR@4f262c96]" name="setup" is-config="true" duration-ms="1876" started-at="2013-11-29T14:43:22Z" finished-at="2013-11-29T14:43:24Z">
          <reporter-output>
          </reporter-output>
        </test-method> <!-- setup -->
        <test-method status="PASS" signature="testDoGoogleSearch()[pri:0, instance:tests.GoogleSearchCR@4f262c96]" name="testDoGoogleSearch" duration-ms="5976" started-at="2013-11-29T14:43:24Z" finished-at="2013-11-29T14:43:30Z">
          <reporter-output>
          </reporter-output>
        </test-method> <!-- testDoGoogleSearch -->
      </class> <!-- tests.GoogleSearchCR -->
    </test> <!-- Default test -->
  </suite> <!-- Default suite -->
</testng-results>
